ts: 1866647904
Количество сообщений: 0
Прошло: 0 минут и 3 секунд
Круг пройден: 1
ts: 1804847179
Количество сообщений: 0
Прошло: 0 минут и 0 секунд
Круг пройден: 1
ts: 1804847179
Количество сообщений: 0
Прошло: 0 минут и 0 секунд
Круг пройден: 1
ts: 1804847179
Количество сообщений: 0
Прошло: 0 минут и 0 секунд
Круг пройден: 1
ts: 1804847179
Количество сообщений: 0
Прошло: 0 минут и 0 секунд
Круг пройден: 1
ts: 1804847182
Количество сообщений: 0
Прошло: 0 минут и 0 секунд
Круг пройден: 1
ts: 1804847182
Количество сообщений: 0
Прошло: 0 минут и 1 секунд
Круг пройден: 1
ts: 1804847182
Количество сообщений: 0
Прошло: 0 минут и 0 секунд
Круг пройден: 1
Количество сообщений: 1
Первый найден 2000000066
Тип Вложения: photo
Тип Вложения: sticker
Тип Вложения: photo
Тип Вложения: photo
Тип Вложения: photo
Тип Вложения: story
Тип Вложения: wall
Тип Вложения: wall
Прошло: 0 минут и 31 секунд
Круг пройден: 2
